#
# There is insufficient memory for the Java Runtime Environment to continue.
# Native memory allocation (mmap) failed to map 536870912 bytes for Failed to commit area from 0x0000000701000000 to 0x0000000721000000 of length 536870912.
# Possible reasons:
#   The system is out of physical RAM or swap space
#   The process is running with CompressedOops enabled, and the Java Heap may be blocking the growth of the native heap
# Possible solutions:
#   Reduce memory load on the system
#   Increase physical memory or swap space
#   Check if swap backing store is full
#   Decrease Java heap size (-Xmx/-Xms)
#   Decrease number of Java threads
#   Decrease Java thread stack sizes (-Xss)
#   Set larger code cache with -XX:ReservedCodeCacheSize=
# This output file may be truncated or incomplete.
#
#  Out of Memory Error (t:/workspace/open/src/hotspot/os/windows/os_windows.cpp:3301), pid=37284, tid=38964
#
# JRE version:  (13.0.2+8) (build )
# Java VM: Java HotSpot(TM) 64-Bit Server VM (13.0.2+8, mixed mode, aot, sharing, tiered, compressed oops, g1 gc, windows-amd64)
# No core dump will be written. Minidumps are not enabled by default on client versions of Windows
#

---------------  S U M M A R Y ------------

Command Line: -Dfile.encoding=Cp1252 --module-path=A:\Database-Project\bin;C:\Users\dylan\Desktop\Text Documents\School\2021-2022\Database\CS366\mysql-connector-java-8.0.11.jar;C:\Users\dylan\Desktop\MySQLDemo\mariadb-java-client-2.6.2.jar -Djdk.module.main=DatabaseProject -Xms512M DatabaseProject/Main.DatabaseMain

Host: Intel(R) Core(TM) i5-9600K CPU @ 3.70GHz, 6 cores, 15G,  Windows 10 , 64 bit Build 19041 (10.0.19041.1645)
Time: Fri Apr 29 16:57:08 2022 Central Daylight Time elapsed time: 0 seconds (0d 0h 0m 0s)

---------------  T H R E A D  ---------------

Current thread (0x000001d9cbc7b800):  JavaThread "Unknown thread" [_thread_in_vm, id=38964, stack(0x000000b5d1000000,0x000000b5d1100000)]

Stack: [0x000000b5d1000000,0x000000b5d1100000]
Native frames: (J=compiled Java code, j=interpreted, Vv=VM code, C=native code)
V  [jvm.dll+0x624f9a]
V  [jvm.dll+0x770cfa]
V  [jvm.dll+0x7724af]
V  [jvm.dll+0x772ab3]
V  [jvm.dll+0x24bf08]
V  [jvm.dll+0x6222aa]
V  [jvm.dll+0x6170b5]
V  [jvm.dll+0x30a88c]
V  [jvm.dll+0x30a6c2]
V  [jvm.dll+0x30fe36]
V  [jvm.dll+0x353f46]
V  [jvm.dll+0x353720]
V  [jvm.dll+0x2e550a]
V  [jvm.dll+0x2e67a2]
V  [jvm.dll+0x74dd78]
V  [jvm.dll+0x361989]
V  [jvm.dll+0x730e65]
V  [jvm.dll+0x3cc53f]
V  [jvm.dll+0x3ce861]
C  [jli.dll+0x51ff]
C  [ucrtbase.dll+0x21bb2]
C  [KERNEL32.DLL+0x17034]
C  [ntdll.dll+0x52651]


---------------  P R O C E S S  ---------------

Threads class SMR info:
_java_thread_list=0x00007ffb65b4ccb8, length=0, elements={
}

Java Threads: ( => current thread )

Other Threads:
  0x000001d9cbce7800 GCTaskThread "GC Thread#0" [stack: 0x000000b5d1100000,0x000000b5d1200000] [id=37496]
  0x000001d9cbd0a800 ConcurrentGCThread "G1 Main Marker" [stack: 0x000000b5d1200000,0x000000b5d1300000] [id=39064]
  0x000001d9cbd0d000 ConcurrentGCThread "G1 Conc#0" [stack: 0x000000b5d1300000,0x000000b5d1400000] [id=36128]

[error occurred during error reporting (printing all threads), id 0xc0000005, EXCEPTION_ACCESS_VIOLATION (0xc0000005) at pc=0x00007ffb653851d7]

VM state:not at safepoint (not fully initialized)

VM Mutex/Monitor currently owned by a thread:  ([mutex/lock_event])
[0x000001d9cbc78aa0] Heap_lock - owner thread: 0x000001d9cbc7b800

Heap address: 0x0000000701000000, size: 4080 MB, Compressed Oops mode: Non-zero based: 0x0000000701000000
Narrow klass base: 0x0000000000000000, Narrow klass shift: 0

GC Heap History (0 events):
No events

Deoptimization events (0 events):
No events

Classes unloaded (0 events):
No events

Classes redefined (0 events):
No events

Internal exceptions (0 events):
No events

Events (8 events):
Event: 0.003 Loaded shared library C:\Program Files\Java\jdk-13.0.2\bin\zip.dll
Event: 0.004 Loaded shared library C:\Program Files\Java\jdk-13.0.2\bin\jimage.dll
Event: 0.004 Loading shared library C:\Program Files\Java\jdk-13.0.2\lib\libjava.base-coop.dll failed, error code 126
Event: 0.004 Loading shared library C:\Program Files\Java\jdk-13.0.2\lib\libjava.logging-coop.dll failed, error code 126
Event: 0.004 Loading shared library C:\Program Files\Java\jdk-13.0.2\lib\libjdk.compiler-coop.dll failed, error code 126
Event: 0.004 Loading shared library C:\Program Files\Java\jdk-13.0.2\lib\libjdk.scripting.nashorn-coop.dll failed, error code 126
Event: 0.004 Loading shared library C:\Program Files\Java\jdk-13.0.2\lib\libjdk.internal.vm.ci-coop.dll failed, error code 126
Event: 0.004 Loading shared library C:\Program Files\Java\jdk-13.0.2\lib\libjdk.internal.vm.compiler-coop.dll failed, error code 126


Dynamic libraries:
0x00007ff6d5f30000 - 0x00007ff6d5f3f000 	C:\Program Files\Java\jdk-13.0.2\bin\javaw.exe
0x00007ffbd0470000 - 0x00007ffbd0665000 	C:\WINDOWS\SYSTEM32\ntdll.dll
0x00007ffbcfc60000 - 0x00007ffbcfd1e000 	C:\WINDOWS\System32\KERNEL32.DLL
0x00007ffbce200000 - 0x00007ffbce4c8000 	C:\WINDOWS\System32\KERNELBASE.dll
0x00007ffbce090000 - 0x00007ffbce190000 	C:\WINDOWS\System32\ucrtbase.dll
0x00007ffbbfa90000 - 0x00007ffbbfaa8000 	C:\Program Files\Java\jdk-13.0.2\bin\jli.dll
0x00007ffbbfa70000 - 0x00007ffbbfa85000 	C:\Program Files\Java\jdk-13.0.2\bin\VCRUNTIME140.dll
0x00007ffbcfd50000 - 0x00007ffbcfdfe000 	C:\WINDOWS\System32\ADVAPI32.dll
0x00007ffbcf950000 - 0x00007ffbcf9ee000 	C:\WINDOWS\System32\msvcrt.dll
0x00007ffbcf9f0000 - 0x00007ffbcfa8c000 	C:\WINDOWS\System32\sechost.dll
0x00007ffbcfe00000 - 0x00007ffbcff25000 	C:\WINDOWS\System32\RPCRT4.dll
0x00007ffbcff30000 - 0x00007ffbd00d0000 	C:\WINDOWS\System32\USER32.dll
0x00007ffbcdb90000 - 0x00007ffbcdbb2000 	C:\WINDOWS\System32\win32u.dll
0x00007ffbb7a50000 - 0x00007ffbb7cea000 	C:\WINDOWS\WinSxS\amd64_microsoft.windows.common-controls_6595b64144ccf1df_6.0.19041.1110_none_60b5254171f9507e\COMCTL32.dll
0x00007ffbcfd20000 - 0x00007ffbcfd4a000 	C:\WINDOWS\System32\GDI32.dll
0x00007ffbcded0000 - 0x00007ffbcdfdb000 	C:\WINDOWS\System32\gdi32full.dll
0x00007ffbcdde0000 - 0x00007ffbcde7d000 	C:\WINDOWS\System32\msvcp_win.dll
0x00007ffbc82e0000 - 0x00007ffbc82ea000 	C:\WINDOWS\SYSTEM32\VERSION.dll
0x00007ffbcfaf0000 - 0x00007ffbcfb20000 	C:\WINDOWS\System32\IMM32.DLL
0x00007ffb9bbe0000 - 0x00007ffb9bc7b000 	C:\Program Files\Java\jdk-13.0.2\bin\msvcp140.dll
0x00007ffb65090000 - 0x00007ffb65bed000 	C:\Program Files\Java\jdk-13.0.2\bin\server\jvm.dll
0x00007ffbce6d0000 - 0x00007ffbce6d8000 	C:\WINDOWS\System32\PSAPI.DLL
0x00007ffbc8560000 - 0x00007ffbc8569000 	C:\WINDOWS\SYSTEM32\WSOCK32.dll
0x00007ffbc0670000 - 0x00007ffbc0697000 	C:\WINDOWS\SYSTEM32\WINMM.dll
0x00007ffbced20000 - 0x00007ffbced8b000 	C:\WINDOWS\System32\WS2_32.dll
0x00007ffbcc490000 - 0x00007ffbcc4a2000 	C:\WINDOWS\SYSTEM32\kernel.appcore.dll
0x00007ffbc1f60000 - 0x00007ffbc1f70000 	C:\Program Files\Java\jdk-13.0.2\bin\verify.dll
0x00007ffbcc240000 - 0x00007ffbcc424000 	C:\WINDOWS\SYSTEM32\DBGHELP.DLL
0x00007ffbb0b50000 - 0x00007ffbb0b7c000 	C:\WINDOWS\SYSTEM32\dbgcore.DLL
0x00007ffbcdbf0000 - 0x00007ffbcdc72000 	C:\WINDOWS\System32\bcryptPrimitives.dll
0x00007ffbbb4b0000 - 0x00007ffbbb4d6000 	C:\Program Files\Java\jdk-13.0.2\bin\java.dll
0x00007ffbb8230000 - 0x00007ffbb8247000 	C:\Program Files\Java\jdk-13.0.2\bin\zip.dll
0x00007ffbc0590000 - 0x00007ffbc059a000 	C:\Program Files\Java\jdk-13.0.2\bin\jimage.dll

dbghelp: loaded successfully - version: 4.0.5 - missing functions: none
symbol engine: initialized successfully - sym options: 0x614 - pdb path: .;C:\Program Files\Java\jdk-13.0.2\bin;C:\WINDOWS\SYSTEM32;C:\WINDOWS\WinSxS\amd64_microsoft.windows.common-controls_6595b64144ccf1df_6.0.19041.1110_none_60b5254171f9507e;C:\Program Files\Java\jdk-13.0.2\bin\server

VM Arguments:
jvm_args: -Dfile.encoding=Cp1252 --module-path=A:\Database-Project\bin;C:\Users\dylan\Desktop\Text Documents\School\2021-2022\Database\CS366\mysql-connector-java-8.0.11.jar;C:\Users\dylan\Desktop\MySQLDemo\mariadb-java-client-2.6.2.jar -Djdk.module.main=DatabaseProject -Xms512M 
java_command: DatabaseProject/Main.DatabaseMain
java_class_path (initial): <not set>
Launcher Type: SUN_STANDARD

[Global flags]
     intx CICompilerCount                          = 3                                         {product} {ergonomic}
     uint ConcGCThreads                            = 2                                         {product} {ergonomic}
     uint G1ConcRefinementThreads                  = 6                                         {product} {ergonomic}
   size_t G1HeapRegionSize                         = 1048576                                   {product} {ergonomic}
    uintx GCDrainStackTargetSize                   = 64                                        {product} {ergonomic}
   size_t InitialHeapSize                          = 536870912                                 {product} {command line}
   size_t MarkStackSize                            = 4194304                                   {product} {ergonomic}
   size_t MaxHeapSize                              = 4278190080                                {product} {ergonomic}
   size_t MinHeapDeltaBytes                        = 1048576                                   {product} {ergonomic}
   size_t MinHeapSize                              = 536870912                                 {product} {command line}
    uintx NonNMethodCodeHeapSize                   = 5832780                                {pd product} {ergonomic}
    uintx NonProfiledCodeHeapSize                  = 122912730                              {pd product} {ergonomic}
    uintx ProfiledCodeHeapSize                     = 122912730                              {pd product} {ergonomic}
    uintx ReservedCodeCacheSize                    = 251658240                              {pd product} {ergonomic}
     bool SegmentedCodeCache                       = true                                      {product} {ergonomic}
   size_t SoftMaxHeapSize                          = 4278190080                             {manageable} {ergonomic}
     bool UseCompressedClassPointers               = true                                 {lp64_product} {ergonomic}
     bool UseCompressedOops                        = true                                 {lp64_product} {ergonomic}
     bool UseG1GC                                  = true                                      {product} {ergonomic}
     bool UseLargePagesIndividualAllocation        = false                                  {pd product} {ergonomic}

Logging:
Log output configuration:
 #0: stdout all=warning uptime,level,tags
 #1: stderr all=off uptime,level,tags

Environment Variables:
_JAVA_OPTIONS=-Xms512M
PATH=C:/Program Files/Java/jdk-13.0.2/bin/server;C:/Program Files/Java/jdk-13.0.2/bin;C:\Python310\Scripts\;C:\Python310\;F:\Oculus\Support\oculus-runtime;C:\Program Files (x86)\Razer Chroma SDK\bin;C:\Program Files\Razer Chroma SDK\bin;C:\Program Files (x86)\Razer\ChromaBroadcast\bin;C:\Program Files\Razer\ChromaBroadcast\bin;C:\Program Files (x86)\Common Files\Oracle\Java\javapath;C:\Windows\system32;C:\Windows;C:\Windows\System32\Wbem;C:\Windows\System32\WindowsPowerShell\v1.0\;C:\Windows\System32\OpenSSH\;C:\Program Files\NVIDIA Corporation\NVIDIA NvDLISR;C:\Program Files (x86)\NVIDIA Corporation\PhysX\Common;C:\Windows\system32\config\systemprofile\AppData\Local\Microsoft\WindowsApps;C:\WINDOWS\system32;C:\WINDOWS;C:\WINDOWS\System32\Wbem;C:\WINDOWS\System32\WindowsPowerShell\v1.0\;C:\WINDOWS\System32\OpenSSH\;C:\Program Files\dotnet\;C:\Program Files (x86)\dotnet\;C:\Program Files\nodejs\;C:\ProgramData\chocolatey\bin;C:\Program Files\PuTTY\;C:\Program Files\Git\cmd;C:\Users\dylan\AppData\Local\Microsoft\WindowsApps;C:\Users\dylan\AppData\Local\GitHubDesktop\bin;C:\Users\dylan\AppData\Local\Microsoft\WindowsApps;;C:\Users\dylan\AppData\Local\Programs\Microsoft VS Code\bin;C:\Users\dylan\.dotnet\tools;C:\Users\dylan\AppData\Roaming\npm;C:\WINDOWS\system32;
USERNAME=dylan
OS=Windows_NT
PROCESSOR_IDENTIFIER=Intel64 Family 6 Model 158 Stepping 13, GenuineIntel



---------------  S Y S T E M  ---------------

OS: Windows 10 , 64 bit Build 19041 (10.0.19041.1645)

CPU:total 6 (initial active 6) (6 cores per cpu, 1 threads per core) family 6 model 158 stepping 13, cmov, cx8, fxsr, mmx, sse, sse2, sse3, ssse3, sse4.1, sse4.2, popcnt, avx, avx2, aes, clmul, erms, rtm, 3dnowpref, lzcnt, tsc, tscinvbit, bmi1, bmi2, adx, fma

Memory: 4k page, system-wide physical 16319M (5004M free)
TotalPageFile size 44867M (AvailPageFile size 477M)
current process WorkingSet (physical memory assigned to process): 10M, peak: 10M
current process commit charge ("private bytes"): 57M, peak: 568M

vm_info: Java HotSpot(TM) 64-Bit Server VM (13.0.2+8) for windows-amd64 JRE (13.0.2+8), built on Dec 11 2019 09:20:33 by "mach5one" with unknown MS VC++:1916

END.
